Replace Part B? Battery cell in D:\Home\Electronics\RGBlinker\RGBlinker\Main.SchDoc with Battery cell from Generic_Schematic_Symbols.SchLib
Replace Part D? UHD111A-FKA-C3K23E1L3VG5ZB3Z3 in D:\Home\Electronics\RGBlinker\RGBlinker\Main.SchDoc with UHD111A-FKA-C3K23E1L3VG5ZB3Z3 from Generic_Schematic_Symbols.SchLib
Replace Part D? UHD111A-FKA-C3K23E1L3VG5ZB3Z3 in D:\Home\Electronics\RGBlinker\RGBlinker\Main.SchDoc with UHD111A-FKA-C3K23E1L3VG5ZB3Z3 from Generic_Schematic_Symbols.SchLib
Replace Part D? UHD111A-FKA-C3K23E1L3VG5ZB3Z3 in D:\Home\Electronics\RGBlinker\RGBlinker\Main.SchDoc with UHD111A-FKA-C3K23E1L3VG5ZB3Z3 from Generic_Schematic_Symbols.SchLib
Replace Part D? UHD111A-FKA-C3K23E1L3VG5ZB3Z3 in D:\Home\Electronics\RGBlinker\RGBlinker\Main.SchDoc with UHD111A-FKA-C3K23E1L3VG5ZB3Z3 from Generic_Schematic_Symbols.SchLib
Replace Part D? UHD111A-FKA-C3K23E1L3VG5ZB3Z3 in D:\Home\Electronics\RGBlinker\RGBlinker\Main.SchDoc with UHD111A-FKA-C3K23E1L3VG5ZB3Z3 from Generic_Schematic_Symbols.SchLib
Replace Part D? UHD111A-FKA-C3K23E1L3VG5ZB3Z3 in D:\Home\Electronics\RGBlinker\RGBlinker\Main.SchDoc with UHD111A-FKA-C3K23E1L3VG5ZB3Z3 from Generic_Schematic_Symbols.SchLib
Replace Part D? UHD111A-FKA-C3K23E1L3VG5ZB3Z3 in D:\Home\Electronics\RGBlinker\RGBlinker\Main.SchDoc with UHD111A-FKA-C3K23E1L3VG5ZB3Z3 from Generic_Schematic_Symbols.SchLib
Replace Part D? UHD111A-FKA-C3K23E1L3VG5ZB3Z3 in D:\Home\Electronics\RGBlinker\RGBlinker\Main.SchDoc with UHD111A-FKA-C3K23E1L3VG5ZB3Z3 from Generic_Schematic_Symbols.SchLib
Replace Part D? UHD111A-FKA-C3K23E1L3VG5ZB3Z3 in D:\Home\Electronics\RGBlinker\RGBlinker\Main.SchDoc with UHD111A-FKA-C3K23E1L3VG5ZB3Z3 from Generic_Schematic_Symbols.SchLib
Replace Part D? UHD111A-FKA-C3K23E1L3VG5ZB3Z3 in D:\Home\Electronics\RGBlinker\RGBlinker\Main.SchDoc with UHD111A-FKA-C3K23E1L3VG5ZB3Z3 from Generic_Schematic_Symbols.SchLib
Replace Part D? UHD111A-FKA-C3K23E1L3VG5ZB3Z3 in D:\Home\Electronics\RGBlinker\RGBlinker\Main.SchDoc with UHD111A-FKA-C3K23E1L3VG5ZB3Z3 from Generic_Schematic_Symbols.SchLib
Replace Part D? UHD111A-FKA-C3K23E1L3VG5ZB3Z3 in D:\Home\Electronics\RGBlinker\RGBlinker\Main.SchDoc with UHD111A-FKA-C3K23E1L3VG5ZB3Z3 from Generic_Schematic_Symbols.SchLib
Replace Part IC? STM32C031K6U6 in D:\Home\Electronics\RGBlinker\RGBlinker\Main.SchDoc with STM32C031K6U6 from Generic_Schematic_Symbols.SchLib
Replace Part J? TC2050 in D:\Home\Electronics\RGBlinker\RGBlinker\Main.SchDoc with TC2050 from Generic_Schematic_Symbols.SchLib
Replace Part LED? WS2812 in D:\Home\Electronics\RGBlinker\RGBlinker\Main.SchDoc with WS2812 from Generic_Schematic_Symbols.SchLib
Replace Part R? 4.3R in D:\Home\Electronics\RGBlinker\RGBlinker\Main.SchDoc with 4.3R from RGBlinker.SchLib
Replace Part R? 4.3R in D:\Home\Electronics\RGBlinker\RGBlinker\Main.SchDoc with 4.3R from RGBlinker.SchLib
Replace Part R? 4.3R in D:\Home\Electronics\RGBlinker\RGBlinker\Main.SchDoc with 4.3R from RGBlinker.SchLib
Replace Part R? 4.3R in D:\Home\Electronics\RGBlinker\RGBlinker\Main.SchDoc with 4.3R from RGBlinker.SchLib
Replace Part R? 4.3R in D:\Home\Electronics\RGBlinker\RGBlinker\Main.SchDoc with 4.3R from RGBlinker.SchLib
Replace Part R? 4.3R in D:\Home\Electronics\RGBlinker\RGBlinker\Main.SchDoc with 4.3R from RGBlinker.SchLib
Replace Part R? 4.3R in D:\Home\Electronics\RGBlinker\RGBlinker\Main.SchDoc with 4.3R from RGBlinker.SchLib
Replace Part R? 4.3R in D:\Home\Electronics\RGBlinker\RGBlinker\Main.SchDoc with 4.3R from RGBlinker.SchLib
Replace Part R? 4.3R in D:\Home\Electronics\RGBlinker\RGBlinker\Main.SchDoc with 4.3R from RGBlinker.SchLib
