Replace Part C? 100nF in D:\Home\Electronics\RGBlinker\RGBlinker\Main.SchDoc with 100nF from RGBlinker.SchLib
Replace Part C? 22uF in D:\Home\Electronics\RGBlinker\RGBlinker\Main.SchDoc with 22uF from RGBlinker.SchLib
Replace Part C? 2.2uF in D:\Home\Electronics\RGBlinker\RGBlinker\Main.SchDoc with 2.2uF from RGBlinker.SchLib
Replace Part D? UHD111A-FKA-C3K23E1L3VG5ZB3Z3 in D:\Home\Electronics\RGBlinker\RGBlinker\Main.SchDoc with UHD111A-FKA-C3K23E1L3VG5ZB3Z3 from Generic_Schematic_Symbols.SchLib
Replace Part D? UHD111A-FKA-C3K23E1L3VG5ZB3Z3 in D:\Home\Electronics\RGBlinker\RGBlinker\Main.SchDoc with UHD111A-FKA-C3K23E1L3VG5ZB3Z3 from Generic_Schematic_Symbols.SchLib
Replace Part D? UHD111A-FKA-C3K23E1L3VG5ZB3Z3 in D:\Home\Electronics\RGBlinker\RGBlinker\Main.SchDoc with UHD111A-FKA-C3K23E1L3VG5ZB3Z3 from Generic_Schematic_Symbols.SchLib
Replace Part D? UHD111A-FKA-C3K23E1L3VG5ZB3Z3 in D:\Home\Electronics\RGBlinker\RGBlinker\Main.SchDoc with UHD111A-FKA-C3K23E1L3VG5ZB3Z3 from Generic_Schematic_Symbols.SchLib
Replace Part D? UHD111A-FKA-C3K23E1L3VG5ZB3Z3 in D:\Home\Electronics\RGBlinker\RGBlinker\Main.SchDoc with UHD111A-FKA-C3K23E1L3VG5ZB3Z3 from Generic_Schematic_Symbols.SchLib
Replace Part D? UHD111A-FKA-C3K23E1L3VG5ZB3Z3 in D:\Home\Electronics\RGBlinker\RGBlinker\Main.SchDoc with UHD111A-FKA-C3K23E1L3VG5ZB3Z3 from Generic_Schematic_Symbols.SchLib
Replace Part D? UHD111A-FKA-C3K23E1L3VG5ZB3Z3 in D:\Home\Electronics\RGBlinker\RGBlinker\Main.SchDoc with UHD111A-FKA-C3K23E1L3VG5ZB3Z3 from Generic_Schematic_Symbols.SchLib
Replace Part D? UHD111A-FKA-C3K23E1L3VG5ZB3Z3 in D:\Home\Electronics\RGBlinker\RGBlinker\Main.SchDoc with UHD111A-FKA-C3K23E1L3VG5ZB3Z3 from Generic_Schematic_Symbols.SchLib
Replace Part D? UHD111A-FKA-C3K23E1L3VG5ZB3Z3 in D:\Home\Electronics\RGBlinker\RGBlinker\Main.SchDoc with UHD111A-FKA-C3K23E1L3VG5ZB3Z3 from Generic_Schematic_Symbols.SchLib
Replace Part D? UHD111A-FKA-C3K23E1L3VG5ZB3Z3 in D:\Home\Electronics\RGBlinker\RGBlinker\Main.SchDoc with UHD111A-FKA-C3K23E1L3VG5ZB3Z3 from Generic_Schematic_Symbols.SchLib
Replace Part D? UHD111A-FKA-C3K23E1L3VG5ZB3Z3 in D:\Home\Electronics\RGBlinker\RGBlinker\Main.SchDoc with UHD111A-FKA-C3K23E1L3VG5ZB3Z3 from Generic_Schematic_Symbols.SchLib
Replace Part D? UHD111A-FKA-C3K23E1L3VG5ZB3Z3 in D:\Home\Electronics\RGBlinker\RGBlinker\Main.SchDoc with UHD111A-FKA-C3K23E1L3VG5ZB3Z3 from Generic_Schematic_Symbols.SchLib
Replace Part H? BAT-HLD-006-SMT in D:\Home\Electronics\RGBlinker\RGBlinker\Main.SchDoc with BAT-HLD-006-SMT from Generic_Schematic_Symbols.SchLib
Replace Part IC? STM32C031K6U6 in D:\Home\Electronics\RGBlinker\RGBlinker\Main.SchDoc with STM32C031K6U6 from Generic_Schematic_Symbols.SchLib
Replace Part J? TC2050 in D:\Home\Electronics\RGBlinker\RGBlinker\Main.SchDoc with TC2050 from Generic_Schematic_Symbols.SchLib
Replace Part L? 4.7uH in D:\Home\Electronics\RGBlinker\RGBlinker\Main.SchDoc with 4.7uH from RGBlinker.SchLib
Replace Part PS? TPS613221ADBVR in D:\Home\Electronics\RGBlinker\RGBlinker\Main.SchDoc with TPS613221ADBVR from RGBlinker.SchLib
Replace Part Q? SSM3J36FS,LF in D:\Home\Electronics\RGBlinker\RGBlinker\Main.SchDoc with SSM3J36FS,LF from RGBlinker.SchLib
Replace Part Q? SSM3J36FS,LF in D:\Home\Electronics\RGBlinker\RGBlinker\Main.SchDoc with SSM3J36FS,LF from RGBlinker.SchLib
Replace Part Q? SSM3J36FS,LF in D:\Home\Electronics\RGBlinker\RGBlinker\Main.SchDoc with SSM3J36FS,LF from RGBlinker.SchLib
Replace Part Q? SSM3J36FS,LF in D:\Home\Electronics\RGBlinker\RGBlinker\Main.SchDoc with SSM3J36FS,LF from RGBlinker.SchLib
Replace Part Q? SSM3J36FS,LF in D:\Home\Electronics\RGBlinker\RGBlinker\Main.SchDoc with SSM3J36FS,LF from RGBlinker.SchLib
Replace Part R? 470R in D:\Home\Electronics\RGBlinker\RGBlinker\Main.SchDoc with 470R from RGBlinker.SchLib
Replace Part R? 100K in D:\Home\Electronics\RGBlinker\RGBlinker\Main.SchDoc with 100K from RGBlinker.SchLib
Replace Part R? 100K in D:\Home\Electronics\RGBlinker\RGBlinker\Main.SchDoc with 100K from RGBlinker.SchLib
Replace Part R? 100K in D:\Home\Electronics\RGBlinker\RGBlinker\Main.SchDoc with 100K from RGBlinker.SchLib
Replace Part R? 470R in D:\Home\Electronics\RGBlinker\RGBlinker\Main.SchDoc with 470R from RGBlinker.SchLib
Replace Part R? 4.3K in D:\Home\Electronics\RGBlinker\RGBlinker\Main.SchDoc with 4.3K from RGBlinker.SchLib
Replace Part R? 4.3K in D:\Home\Electronics\RGBlinker\RGBlinker\Main.SchDoc with 4.3K from RGBlinker.SchLib
Replace Part R? 4.3K in D:\Home\Electronics\RGBlinker\RGBlinker\Main.SchDoc with 4.3K from RGBlinker.SchLib
Replace Part R? 100R in D:\Home\Electronics\RGBlinker\RGBlinker\Main.SchDoc with 100R from RGBlinker.SchLib
Replace Part R? 4.3K in D:\Home\Electronics\RGBlinker\RGBlinker\Main.SchDoc with 4.3K from RGBlinker.SchLib
Replace Part R? 470R in D:\Home\Electronics\RGBlinker\RGBlinker\Main.SchDoc with 470R from RGBlinker.SchLib
Replace Part R? 2K in D:\Home\Electronics\RGBlinker\RGBlinker\Main.SchDoc with 2K from RGBlinker.SchLib
Replace Part R? 2K in D:\Home\Electronics\RGBlinker\RGBlinker\Main.SchDoc with 2K from RGBlinker.SchLib
Replace Part R? 2K in D:\Home\Electronics\RGBlinker\RGBlinker\Main.SchDoc with 2K from RGBlinker.SchLib
Replace Part R? 2K in D:\Home\Electronics\RGBlinker\RGBlinker\Main.SchDoc with 2K from RGBlinker.SchLib
Replace Part R? 2K in D:\Home\Electronics\RGBlinker\RGBlinker\Main.SchDoc with 2K from RGBlinker.SchLib
Replace Part R? 470R in D:\Home\Electronics\RGBlinker\RGBlinker\Main.SchDoc with 470R from RGBlinker.SchLib
Replace Part R? 100K in D:\Home\Electronics\RGBlinker\RGBlinker\Main.SchDoc with 100K from RGBlinker.SchLib
Replace Part R? 100K in D:\Home\Electronics\RGBlinker\RGBlinker\Main.SchDoc with 100K from RGBlinker.SchLib
Replace Part R? 2K in D:\Home\Electronics\RGBlinker\RGBlinker\Main.SchDoc with 2K from RGBlinker.SchLib
Replace Part R? 470R in D:\Home\Electronics\RGBlinker\RGBlinker\Main.SchDoc with 470R from RGBlinker.SchLib
Replace Part S? TS18-5-25-SL-260-SMT-TR in D:\Home\Electronics\RGBlinker\RGBlinker\Main.SchDoc with TS18-5-25-SL-260-SMT-TR from Generic_Schematic_Symbols.SchLib
