Replace Part C1 47uF in D:\Home\Electronics\RGBlinker\RGBlinker\Main.SchDoc with 47uF from RGBlinker.SchLib
Replace Part C2 47uF in D:\Home\Electronics\RGBlinker\RGBlinker\Main.SchDoc with 47uF from RGBlinker.SchLib
Replace Part C3 4.7uF in D:\Home\Electronics\RGBlinker\RGBlinker\Main.SchDoc with 4.7uF from RGBlinker.SchLib
Replace Part C4 47uF in D:\Home\Electronics\RGBlinker\RGBlinker\Main.SchDoc with 47uF from RGBlinker.SchLib
Replace Part C5 100nF in D:\Home\Electronics\RGBlinker\RGBlinker\Main.SchDoc with 100nF from RGBlinker.SchLib
Replace Part C6 4.7uF in D:\Home\Electronics\RGBlinker\RGBlinker\Main.SchDoc with 4.7uF from RGBlinker.SchLib
Replace Part C7 100nF in D:\Home\Electronics\RGBlinker\RGBlinker\Main.SchDoc with 100nF from RGBlinker.SchLib
Replace Part D1 UHD111A-FKA-C3K23E1L3VG5ZB3Z3 in D:\Home\Electronics\RGBlinker\RGBlinker\Main.SchDoc with UHD111A-FKA-C3K23E1L3VG5ZB3Z3 from Generic_Schematic_Symbols.SchLib
Replace Part D2 UHD111A-FKA-C3K23E1L3VG5ZB3Z3 in D:\Home\Electronics\RGBlinker\RGBlinker\Main.SchDoc with UHD111A-FKA-C3K23E1L3VG5ZB3Z3 from Generic_Schematic_Symbols.SchLib
Replace Part D3 UHD111A-FKA-C3K23E1L3VG5ZB3Z3 in D:\Home\Electronics\RGBlinker\RGBlinker\Main.SchDoc with UHD111A-FKA-C3K23E1L3VG5ZB3Z3 from Generic_Schematic_Symbols.SchLib
Replace Part D4 UHD111A-FKA-C3K23E1L3VG5ZB3Z3 in D:\Home\Electronics\RGBlinker\RGBlinker\Main.SchDoc with UHD111A-FKA-C3K23E1L3VG5ZB3Z3 from Generic_Schematic_Symbols.SchLib
Replace Part D5 UHD111A-FKA-C3K23E1L3VG5ZB3Z3 in D:\Home\Electronics\RGBlinker\RGBlinker\Main.SchDoc with UHD111A-FKA-C3K23E1L3VG5ZB3Z3 from Generic_Schematic_Symbols.SchLib
Replace Part D6 UHD111A-FKA-C3K23E1L3VG5ZB3Z3 in D:\Home\Electronics\RGBlinker\RGBlinker\Main.SchDoc with UHD111A-FKA-C3K23E1L3VG5ZB3Z3 from Generic_Schematic_Symbols.SchLib
Replace Part D7 UHD111A-FKA-C3K23E1L3VG5ZB3Z3 in D:\Home\Electronics\RGBlinker\RGBlinker\Main.SchDoc with UHD111A-FKA-C3K23E1L3VG5ZB3Z3 from Generic_Schematic_Symbols.SchLib
Replace Part D8 UHD111A-FKA-C3K23E1L3VG5ZB3Z3 in D:\Home\Electronics\RGBlinker\RGBlinker\Main.SchDoc with UHD111A-FKA-C3K23E1L3VG5ZB3Z3 from Generic_Schematic_Symbols.SchLib
Replace Part D9 UHD111A-FKA-C3K23E1L3VG5ZB3Z3 in D:\Home\Electronics\RGBlinker\RGBlinker\Main.SchDoc with UHD111A-FKA-C3K23E1L3VG5ZB3Z3 from Generic_Schematic_Symbols.SchLib
Replace Part D10 UHD111A-FKA-C3K23E1L3VG5ZB3Z3 in D:\Home\Electronics\RGBlinker\RGBlinker\Main.SchDoc with UHD111A-FKA-C3K23E1L3VG5ZB3Z3 from Generic_Schematic_Symbols.SchLib
Replace Part D11 UHD111A-FKA-C3K23E1L3VG5ZB3Z3 in D:\Home\Electronics\RGBlinker\RGBlinker\Main.SchDoc with UHD111A-FKA-C3K23E1L3VG5ZB3Z3 from Generic_Schematic_Symbols.SchLib
Replace Part D12 UHD111A-FKA-C3K23E1L3VG5ZB3Z3 in D:\Home\Electronics\RGBlinker\RGBlinker\Main.SchDoc with UHD111A-FKA-C3K23E1L3VG5ZB3Z3 from Generic_Schematic_Symbols.SchLib
Replace Part H1 BAT-HLD-006-SMT in D:\Home\Electronics\RGBlinker\RGBlinker\Main.SchDoc with BAT-HLD-006-SMT from Generic_Schematic_Symbols.SchLib
Replace Part IC1 STM32C031K6U6 in D:\Home\Electronics\RGBlinker\RGBlinker\Main.SchDoc with STM32C031K6U6 from Generic_Schematic_Symbols.SchLib
Replace Part J1 TC2050 in D:\Home\Electronics\RGBlinker\RGBlinker\Main.SchDoc with TC2050 from Generic_Schematic_Symbols.SchLib
Replace Part L1 4.7uH in D:\Home\Electronics\RGBlinker\RGBlinker\Main.SchDoc with 4.7uH from RGBlinker.SchLib
Replace Part Q2 BSS84WQ-7-F in D:\Home\Electronics\RGBlinker\RGBlinker\Main.SchDoc with BSS84WQ-7-F from Generic_Schematic_Symbols.SchLib
Replace Part Q3 BSS84WQ-7-F in D:\Home\Electronics\RGBlinker\RGBlinker\Main.SchDoc with BSS84WQ-7-F from Generic_Schematic_Symbols.SchLib
Replace Part Q4 BSS84WQ-7-F in D:\Home\Electronics\RGBlinker\RGBlinker\Main.SchDoc with BSS84WQ-7-F from Generic_Schematic_Symbols.SchLib
Replace Part Q5 BSS84WQ-7-F in D:\Home\Electronics\RGBlinker\RGBlinker\Main.SchDoc with BSS84WQ-7-F from Generic_Schematic_Symbols.SchLib
Replace Part R1 383K in D:\Home\Electronics\RGBlinker\RGBlinker\Main.SchDoc with 383K from RGBlinker.SchLib
Replace Part R2 470R in D:\Home\Electronics\RGBlinker\RGBlinker\Main.SchDoc with 470R from RGBlinker.SchLib
Replace Part R3 68K in D:\Home\Electronics\RGBlinker\RGBlinker\Main.SchDoc with 68K from RGBlinker.SchLib
Replace Part R4 470R in D:\Home\Electronics\RGBlinker\RGBlinker\Main.SchDoc with 470R from RGBlinker.SchLib
Replace Part R5 470R in D:\Home\Electronics\RGBlinker\RGBlinker\Main.SchDoc with 470R from RGBlinker.SchLib
Replace Part R6 470R in D:\Home\Electronics\RGBlinker\RGBlinker\Main.SchDoc with 470R from RGBlinker.SchLib
Replace Part R7 470R in D:\Home\Electronics\RGBlinker\RGBlinker\Main.SchDoc with 470R from RGBlinker.SchLib
Replace Part R8 4.3K in D:\Home\Electronics\RGBlinker\RGBlinker\Main.SchDoc with 4.3K from RGBlinker.SchLib
Replace Part R9 4.3K in D:\Home\Electronics\RGBlinker\RGBlinker\Main.SchDoc with 4.3K from RGBlinker.SchLib
Replace Part R10 4.3K in D:\Home\Electronics\RGBlinker\RGBlinker\Main.SchDoc with 4.3K from RGBlinker.SchLib
Replace Part R11 4.3K in D:\Home\Electronics\RGBlinker\RGBlinker\Main.SchDoc with 4.3K from RGBlinker.SchLib
Replace Part R12 2K in D:\Home\Electronics\RGBlinker\RGBlinker\Main.SchDoc with 2K from RGBlinker.SchLib
Replace Part R13 2K in D:\Home\Electronics\RGBlinker\RGBlinker\Main.SchDoc with 2K from RGBlinker.SchLib
Replace Part R14 2K in D:\Home\Electronics\RGBlinker\RGBlinker\Main.SchDoc with 2K from RGBlinker.SchLib
Replace Part R15 2K in D:\Home\Electronics\RGBlinker\RGBlinker\Main.SchDoc with 2K from RGBlinker.SchLib
Replace Part R16 2K in D:\Home\Electronics\RGBlinker\RGBlinker\Main.SchDoc with 2K from RGBlinker.SchLib
Replace Part R17 2K in D:\Home\Electronics\RGBlinker\RGBlinker\Main.SchDoc with 2K from RGBlinker.SchLib
Replace Part SW1 TS18-5-25-SL-260-SMT-TR in D:\Home\Electronics\RGBlinker\RGBlinker\Main.SchDoc with TS18-5-25-SL-260-SMT-TR from Generic_Schematic_Symbols.SchLib
Replace Part TP1 Test Point in D:\Home\Electronics\RGBlinker\RGBlinker\Main.SchDoc with Test Point from Generic_Schematic_Symbols.SchLib
Replace Part TP2 Test Point in D:\Home\Electronics\RGBlinker\RGBlinker\Main.SchDoc with Test Point from Generic_Schematic_Symbols.SchLib
Replace Part U2 TLV61070ADBVR in D:\Home\Electronics\RGBlinker\RGBlinker\Main.SchDoc with TLV61070ADBVR from Generic_Schematic_Symbols.SchLib
