Removed Pin From Net: NetName=VCC Pin=R?-1
Removed Pin From Net: NetName=WKUP Pin=R?-2
Removed Member From Class: ClassName=Main Member=H1
Removed Member From Class: ClassName=Main Member=LED?
Removed Member From Class: ClassName=Main Member=U?
Added Component: Designator=S?(PTS526SK15SMTR2LFS)
Add component (AddParameter): Name = "Arrow Part Number"; Value = ""; VariantName = "[No Variations]"
Add component (AddParameter): Name = "Arrow Price/Stock"; Value = ""; VariantName = "[No Variations]"
Add component (AddParameter): Name = "Datasheet Link"; Value = "https://www.ckswitches.com/media/2780/pts526.pdf"; VariantName = "[No Variations]"
Add component (AddParameter): Name = "Height"; Value = "1.65mm"; VariantName = "[No Variations]"
Add component (AddParameter): Name = "Manufacturer_Name"; Value = "C & K COMPONENTS"; VariantName = "[No Variations]"
Add component (AddParameter): Name = "Manufacturer_Part_Number"; Value = "PTS526SK15SMTR2 LFS"; VariantName = "[No Variations]"
Add component (AddParameter): Name = "Mouser Part Number"; Value = "611-PTS526SK15SMR2L"; VariantName = "[No Variations]"
Add component (AddParameter): Name = "Mouser Price/Stock"; Value = "https://www.mouser.co.uk/ProductDetail/CK/PTS526SK15SMTR2-LFS?qs=Imq1NPwxi75hkPN8%252BRLw6Q%3D%3D"; VariantName = "[No Variations]"
Add Pin To Net: Unknown Pin: Pin C?-1
Add Pin To Net: Unknown Pin: Pin C?-1
Add Pin To Net: Unknown Pin: Pin C?-1
Add Pin To Net: Unknown Pin: Pin C?-2
Add Pin To Net: Unknown Pin: Pin C?-2
Add Pin To Net: Unknown Pin: Pin C?-2
Added Pin To Net: NetName=3.3V Pin=R?-1
Added Pin To Net: NetName=EN_3V3 Pin=R?-1
Added Pin To Net: NetName=NetIC?_7 Pin=R?-1
Added Pin To Net: NetName=NetIC?_8 Pin=R?-1
Added Pin To Net: NetName=NetIC?_9 Pin=R?-1
Added Pin To Net: NetName=NetIC?_10 Pin=R?-1
Added Pin To Net: NetName=NetIC?_11 Pin=R?-1
Added Pin To Net: NetName=NetIC?_14 Pin=R?-1
Added Pin To Net: NetName=NetIC?_21 Pin=R?-1
Added Pin To Net: NetName=NetIC?_22 Pin=R?-1
Added Pin To Net: NetName=NetR?_1 Pin=R?-1
Added Pin To Net: NetName=VCC Pin=R?-1
Added Pin To Net: NetName=GND Pin=R?-2
Added Pin To Net: NetName=NetD?_3 Pin=R?-2
Added Pin To Net: NetName=NetQ?_1 Pin=R?-2
Added Pin To Net: NetName=WKUP Pin=R?-2
Add Pin To Net: Unknown Pin: Pin SW?-1
Add Pin To Net: Unknown Pin: Pin SW?-2
Add Net: Net with name "NetD?_1" already exists
Add Net: Net with name "NetD?_1" already exists
Add Net: Net with name "NetD?_2" already exists
Add Net: Net with name "NetD?_2" already exists
Add Net: Net with name "NetD?_3" already exists
Add Net: Net with name "NetD?_3" already exists
Add Net: Net with name "NetD?_4" already exists
Add Net: Net with name "NetD?_4" already exists
Add Net: Net with name "NetD?_4" already exists
Add Net: Net with name "NetQ?_1" already exists
Add Net: Net with name "NetQ?_1" already exists
Add Net: Net with name "NetQ?_1" already exists
Add Net: Net with name "NetQ?_1" already exists
Add Class Member: Failed to add class member : Component C? 22uF
Add Class Member: Failed to add class member : Component C? 100nF
Add Class Member: Failed to add class member : Component C? 2.2uF
Added Member To Class: ClassName=Main Member=Component D? UHD111A-FKA-C3K23E1L3VG5ZB3Z3
Added Member To Class: ClassName=Main Member=Component D? UHD111A-FKA-C3K23E1L3VG5ZB3Z3
Added Member To Class: ClassName=Main Member=Component D? UHD111A-FKA-C3K23E1L3VG5ZB3Z3
Added Member To Class: ClassName=Main Member=Component D? UHD111A-FKA-C3K23E1L3VG5ZB3Z3
Added Member To Class: ClassName=Main Member=Component D? UHD111A-FKA-C3K23E1L3VG5ZB3Z3
Added Member To Class: ClassName=Main Member=Component D? UHD111A-FKA-C3K23E1L3VG5ZB3Z3
Added Member To Class: ClassName=Main Member=Component D? UHD111A-FKA-C3K23E1L3VG5ZB3Z3
Added Member To Class: ClassName=Main Member=Component D? UHD111A-FKA-C3K23E1L3VG5ZB3Z3
Added Member To Class: ClassName=Main Member=Component D? UHD111A-FKA-C3K23E1L3VG5ZB3Z3
Added Member To Class: ClassName=Main Member=Component D? UHD111A-FKA-C3K23E1L3VG5ZB3Z3
Added Member To Class: ClassName=Main Member=Component D? UHD111A-FKA-C3K23E1L3VG5ZB3Z3
Added Member To Class: ClassName=Main Member=Component Q? SSM3J36FS,LF
Added Member To Class: ClassName=Main Member=Component Q? SSM3J36FS,LF
Added Member To Class: ClassName=Main Member=Component Q? SSM3J36FS,LF
Added Member To Class: ClassName=Main Member=Component Q? SSM3J36FS,LF
Added Member To Class: ClassName=Main Member=Component R? 470R
Added Member To Class: ClassName=Main Member=Component R? 2K
Added Member To Class: ClassName=Main Member=Component R? 100K
Added Member To Class: ClassName=Main Member=Component R? 4.3K
Added Member To Class: ClassName=Main Member=Component R? 2K
Added Member To Class: ClassName=Main Member=Component R? 100R
Added Member To Class: ClassName=Main Member=Component R? 470R
Added Member To Class: ClassName=Main Member=Component R? 4.3K
Added Member To Class: ClassName=Main Member=Component R? 100K
Added Member To Class: ClassName=Main Member=Component R? 470R
Added Member To Class: ClassName=Main Member=Component R? 470R
Added Member To Class: ClassName=Main Member=Component R? 2K
Added Member To Class: ClassName=Main Member=Component R? 100K
Added Member To Class: ClassName=Main Member=Component R? 4.3K
Added Member To Class: ClassName=Main Member=Component R? 4.3K
Added Member To Class: ClassName=Main Member=Component R? 2K
Added Member To Class: ClassName=Main Member=Component R? 100K
Added Member To Class: ClassName=Main Member=Component R? 470R
Added Member To Class: ClassName=Main Member=Component R? 100K
Added Member To Class: ClassName=Main Member=Component R? 2K
Added Member To Class: ClassName=Main Member=Component S? TS18-5-25-SL-260-SMT-TR
Add Class Member: Failed to add class member : Component SW? Button
