Added Component: Designator=J?(USB4125GFA0190)
Add component (AddParameter): Name = "Arrow Part Number"; Value = ""; VariantName = "[No Variations]"
Add component (AddParameter): Name = "Arrow Price/Stock"; Value = ""; VariantName = "[No Variations]"
Add component (AddParameter): Name = "Datasheet Link"; Value = "https://eu.mouser.com/datasheet/2/837/usb4125-2448699.pdf"; VariantName = "[No Variations]"
Add component (AddParameter): Name = "Manufacturer_Name"; Value = "GCT (GLOBAL CONNECTOR TECHNOLOGY)"; VariantName = "[No Variations]"
Add component (AddParameter): Name = "Manufacturer_Part_Number"; Value = "USB4125-GF-A-0190"; VariantName = "[No Variations]"
Add component (AddParameter): Name = "Mouser Part Number"; Value = "640-USB4125-GF-A-190"; VariantName = "[No Variations]"
Add component (AddParameter): Name = "Mouser Price/Stock"; Value = "https://www.mouser.co.uk/ProductDetail/GCT/USB4125-GF-A-0190?qs=QNEnbhJQKvbCz4hEJBS24w%3D%3D"; VariantName = "[No Variations]"
Add Net: Net with name "NetD?_1" already exists
Add Net: Net with name "NetD?_1" already exists
Add Net: Net with name "NetD?_1" already exists
Add Net: Net with name "NetD?_2" already exists
Add Net: Net with name "NetD?_2" already exists
Add Net: Net with name "NetD?_2" already exists
Add Net: Net with name "NetD?_3" already exists
Add Net: Net with name "NetD?_3" already exists
Add Net: Net with name "NetD?_3" already exists
Add Net: Net with name "NetD?_4" already exists
Add Net: Net with name "NetD?_4" already exists
Add Net: Net with name "NetD?_4" already exists
Added Member To Class: ClassName=Main Member=Component D? UHD111A-FKA-C3K23E1L3VG5ZB3Z3
Added Member To Class: ClassName=Main Member=Component D? UHD111A-FKA-C3K23E1L3VG5ZB3Z3
Added Member To Class: ClassName=Main Member=Component D? UHD111A-FKA-C3K23E1L3VG5ZB3Z3
Added Member To Class: ClassName=Main Member=Component D? UHD111A-FKA-C3K23E1L3VG5ZB3Z3
Added Member To Class: ClassName=Main Member=Component D? UHD111A-FKA-C3K23E1L3VG5ZB3Z3
Added Member To Class: ClassName=Main Member=Component D? UHD111A-FKA-C3K23E1L3VG5ZB3Z3
Added Member To Class: ClassName=Main Member=Component D? UHD111A-FKA-C3K23E1L3VG5ZB3Z3
Added Member To Class: ClassName=Main Member=Component D? UHD111A-FKA-C3K23E1L3VG5ZB3Z3
Added Member To Class: ClassName=Main Member=Component D? UHD111A-FKA-C3K23E1L3VG5ZB3Z3
Added Member To Class: ClassName=Main Member=Component D? UHD111A-FKA-C3K23E1L3VG5ZB3Z3
Added Member To Class: ClassName=Main Member=Component D? UHD111A-FKA-C3K23E1L3VG5ZB3Z3
Added Member To Class: ClassName=Main Member=Component D? UHD111A-FKA-C3K23E1L3VG5ZB3Z3
Added Member To Class: ClassName=Main Member=Component D? UHD111A-FKA-C3K23E1L3VG5ZB3Z3
Added Member To Class: ClassName=Main Member=Component D? UHD111A-FKA-C3K23E1L3VG5ZB3Z3
Added Member To Class: ClassName=Main Member=Component D? UHD111A-FKA-C3K23E1L3VG5ZB3Z3
Added Member To Class: ClassName=Main Member=Component J? USB4125-GF-A-0190
