Added Pin To Net: NetName=GND Pin=IC1-1
Added Pin To Net: NetName=GND Pin=IC1-2
Added Pin To Net: NetName=GND Pin=IC1-3
Added Pin To Net: NetName=VCC Pin=IC1-4
Added Pin To Net: NetName=GND Pin=IC1-5
Added Pin To Net: NetName=NRST Pin=IC1-6
Added Pin To Net: NetName=NetIC1_11 Pin=IC1-11
Added Pin To Net: NetName=NetIC1_12 Pin=IC1-12
Added Pin To Net: NetName=NetIC1_13 Pin=IC1-13
Added Pin To Net: NetName=NetIC1_14 Pin=IC1-14
Added Pin To Net: NetName=GND Pin=IC1-15
Added Pin To Net: NetName=GND Pin=IC1-16
Added Pin To Net: NetName=GND Pin=IC1-17
Added Pin To Net: NetName=NetIC1_18 Pin=IC1-18
Added Pin To Net: NetName=NetIC1_19 Pin=IC1-19
Added Pin To Net: NetName=GND Pin=IC1-20
Added Pin To Net: NetName=NetIC1_21 Pin=IC1-21
Added Pin To Net: NetName=NetIC1_22 Pin=IC1-22
Added Pin To Net: NetName=NetIC1_23 Pin=IC1-23
Added Pin To Net: NetName=SWDIO Pin=IC1-24
Added Pin To Net: NetName=SWCLK Pin=IC1-25
Added Pin To Net: NetName=GND Pin=IC1-26
Added Pin To Net: NetName=EN_3V3 Pin=IC1-27
Added Pin To Net: NetName=GND Pin=IC1-28
Added Pin To Net: NetName=GND Pin=IC1-29
Added Pin To Net: NetName=BTN Pin=IC1-30
Added Pin To Net: NetName=GND Pin=IC1-31
Added Pin To Net: NetName=GND Pin=IC1-32
Added Pin To Net: NetName=GND Pin=IC1-33
Added Pin To Net: NetName=LED_A.0 Pin=IC1-7
Added Pin To Net: NetName=LED_A.0 Pin=R2-2
Added Net: Name=LED_A.0
Added Pin To Net: NetName=LED_A.1 Pin=IC1-8
Added Pin To Net: NetName=LED_A.1 Pin=R4-2
Added Net: Name=LED_A.1
Added Pin To Net: NetName=LED_A.2 Pin=IC1-9
Added Pin To Net: NetName=LED_A.2 Pin=R5-2
Added Net: Name=LED_A.2
Added Pin To Net: NetName=LED_A.3 Pin=IC1-10
Added Pin To Net: NetName=LED_A.3 Pin=R6-2
Added Net: Name=LED_A.3
Added Member To Class: ClassName=Main Member=Component IC1 STM32C031K6U6
Added Rule: Name=Schematic Supply Nets
Added Rule: Name=Schematic Supply Nets_1
Added Rule: Name=Schematic Supply Nets_2
