Remove Pin from Net: Failed to remove Pin
Remove Pin from Net: Failed to remove Pin
Remove Pin from Net: Failed to remove Pin
Remove Pin from Net: Failed to remove Pin
Remove Pin from Net: Failed to remove Pin
Removed Pin From Net: NetName=WKUP Pin=IC?-7
Added Component: Designator=L?(COIL_HANDMADE)
Add component (AddParameter): Name = "Value"; Value = "4.7uH"; VariantName = "[No Variations]"
Added Component: Designator=PS?(SOT23-5)
Add component (AddParameter): Name = "Arrow Part Number"; Value = "TPS613221ADBVR"; VariantName = "[No Variations]"
Add component (AddParameter): Name = "Arrow Price/Stock"; Value = "https://www.arrow.com/en/products/tps613221adbvr/texas-instruments?region=nac"; VariantName = "[No Variations]"
Add component (AddParameter): Name = "Datasheet Link"; Value = "http://www.ti.com/lit/gpn/tps61322"; VariantName = "[No Variations]"
Add component (AddParameter): Name = "Height"; Value = "1.45mm"; VariantName = "[No Variations]"
Add component (AddParameter): Name = "Manufacturer_Name"; Value = "Texas Instruments"; VariantName = "[No Variations]"
Add component (AddParameter): Name = "Manufacturer_Part_Number"; Value = "TPS613221ADBVR"; VariantName = "[No Variations]"
Add component (AddParameter): Name = "Mouser Part Number"; Value = "595-TPS613221ADBVR"; VariantName = "[No Variations]"
Add component (AddParameter): Name = "Mouser Price/Stock"; Value = "https://www.mouser.co.uk/ProductDetail/Texas-Instruments/TPS613221ADBVR?qs=W0yvOO0ixfEzYGaKZaJgrw%3D%3D"; VariantName = "[No Variations]"
Added Component: Designator=Q?(SOT-416-3)
Add component (AddParameter): Name = "Arrow Part Number"; Value = "SSM3J36FS,LF"; VariantName = "[No Variations]"
Add component (AddParameter): Name = "Arrow Price/Stock"; Value = "https://www.arrow.com/en/products/ssm3j36fslf/toshiba?region=nac"; VariantName = "[No Variations]"
Add component (AddParameter): Name = "Datasheet Link"; Value = "https://toshiba.semicon-storage.com/info/docget.jsp?did=11656&prodName=SSM3J36FS"; VariantName = "[No Variations]"
Add component (AddParameter): Name = "Height"; Value = "0.9mm"; VariantName = "[No Variations]"
Add component (AddParameter): Name = "Manufacturer_Name"; Value = "Toshiba"; VariantName = "[No Variations]"
Add component (AddParameter): Name = "Manufacturer_Part_Number"; Value = "SSM3J36FS,LF"; VariantName = "[No Variations]"
Add component (AddParameter): Name = "Mouser Part Number"; Value = "757-SSM3J36FSLF"; VariantName = "[No Variations]"
Add component (AddParameter): Name = "Mouser Price/Stock"; Value = "https://www.mouser.co.uk/ProductDetail/Toshiba/SSM3J36FSLF?qs=rsevcuukUAzcgGzSseuhiw%3D%3D"; VariantName = "[No Variations]"
Added Component: Designator=Q?(SOT-416-3)
Add component (AddParameter): Name = "Arrow Part Number"; Value = "SSM3J36FS,LF"; VariantName = "[No Variations]"
Add component (AddParameter): Name = "Arrow Price/Stock"; Value = "https://www.arrow.com/en/products/ssm3j36fslf/toshiba?region=nac"; VariantName = "[No Variations]"
Add component (AddParameter): Name = "Datasheet Link"; Value = "https://toshiba.semicon-storage.com/info/docget.jsp?did=11656&prodName=SSM3J36FS"; VariantName = "[No Variations]"
Add component (AddParameter): Name = "Height"; Value = "0.9mm"; VariantName = "[No Variations]"
Add component (AddParameter): Name = "Manufacturer_Name"; Value = "Toshiba"; VariantName = "[No Variations]"
Add component (AddParameter): Name = "Manufacturer_Part_Number"; Value = "SSM3J36FS,LF"; VariantName = "[No Variations]"
Add component (AddParameter): Name = "Mouser Part Number"; Value = "757-SSM3J36FSLF"; VariantName = "[No Variations]"
Add component (AddParameter): Name = "Mouser Price/Stock"; Value = "https://www.mouser.co.uk/ProductDetail/Toshiba/SSM3J36FSLF?qs=rsevcuukUAzcgGzSseuhiw%3D%3D"; VariantName = "[No Variations]"
Added Component: Designator=Q?(SOT-416-3)
Add component (AddParameter): Name = "Arrow Part Number"; Value = "SSM3J36FS,LF"; VariantName = "[No Variations]"
Add component (AddParameter): Name = "Arrow Price/Stock"; Value = "https://www.arrow.com/en/products/ssm3j36fslf/toshiba?region=nac"; VariantName = "[No Variations]"
Add component (AddParameter): Name = "Datasheet Link"; Value = "https://toshiba.semicon-storage.com/info/docget.jsp?did=11656&prodName=SSM3J36FS"; VariantName = "[No Variations]"
Add component (AddParameter): Name = "Height"; Value = "0.9mm"; VariantName = "[No Variations]"
Add component (AddParameter): Name = "Manufacturer_Name"; Value = "Toshiba"; VariantName = "[No Variations]"
Add component (AddParameter): Name = "Manufacturer_Part_Number"; Value = "SSM3J36FS,LF"; VariantName = "[No Variations]"
Add component (AddParameter): Name = "Mouser Part Number"; Value = "757-SSM3J36FSLF"; VariantName = "[No Variations]"
Add component (AddParameter): Name = "Mouser Price/Stock"; Value = "https://www.mouser.co.uk/ProductDetail/Toshiba/SSM3J36FSLF?qs=rsevcuukUAzcgGzSseuhiw%3D%3D"; VariantName = "[No Variations]"
Added Component: Designator=Q?(SOT-416-3)
Add component (AddParameter): Name = "Arrow Part Number"; Value = "SSM3J36FS,LF"; VariantName = "[No Variations]"
Add component (AddParameter): Name = "Arrow Price/Stock"; Value = "https://www.arrow.com/en/products/ssm3j36fslf/toshiba?region=nac"; VariantName = "[No Variations]"
Add component (AddParameter): Name = "Datasheet Link"; Value = "https://toshiba.semicon-storage.com/info/docget.jsp?did=11656&prodName=SSM3J36FS"; VariantName = "[No Variations]"
Add component (AddParameter): Name = "Height"; Value = "0.9mm"; VariantName = "[No Variations]"
Add component (AddParameter): Name = "Manufacturer_Name"; Value = "Toshiba"; VariantName = "[No Variations]"
Add component (AddParameter): Name = "Manufacturer_Part_Number"; Value = "SSM3J36FS,LF"; VariantName = "[No Variations]"
Add component (AddParameter): Name = "Mouser Part Number"; Value = "757-SSM3J36FSLF"; VariantName = "[No Variations]"
Add component (AddParameter): Name = "Mouser Price/Stock"; Value = "https://www.mouser.co.uk/ProductDetail/Toshiba/SSM3J36FSLF?qs=rsevcuukUAzcgGzSseuhiw%3D%3D"; VariantName = "[No Variations]"
Added Component: Designator=Q?(SOT-416-3)
Add component (AddParameter): Name = "Arrow Part Number"; Value = "SSM3J36FS,LF"; VariantName = "[No Variations]"
Add component (AddParameter): Name = "Arrow Price/Stock"; Value = "https://www.arrow.com/en/products/ssm3j36fslf/toshiba?region=nac"; VariantName = "[No Variations]"
Add component (AddParameter): Name = "Datasheet Link"; Value = "https://toshiba.semicon-storage.com/info/docget.jsp?did=11656&prodName=SSM3J36FS"; VariantName = "[No Variations]"
Add component (AddParameter): Name = "Height"; Value = "0.9mm"; VariantName = "[No Variations]"
Add component (AddParameter): Name = "Manufacturer_Name"; Value = "Toshiba"; VariantName = "[No Variations]"
Add component (AddParameter): Name = "Manufacturer_Part_Number"; Value = "SSM3J36FS,LF"; VariantName = "[No Variations]"
Add component (AddParameter): Name = "Mouser Part Number"; Value = "757-SSM3J36FSLF"; VariantName = "[No Variations]"
Add component (AddParameter): Name = "Mouser Price/Stock"; Value = "https://www.mouser.co.uk/ProductDetail/Toshiba/SSM3J36FSLF?qs=rsevcuukUAzcgGzSseuhiw%3D%3D"; VariantName = "[No Variations]"
Added Component: Designator=R?(RES0603)
Add component (AddParameter): Name = "Case/Package"; Value = "0603"; VariantName = "[No Variations]"
Add component (AddParameter): Name = "Category"; Value = "Chip SMD Resistors"; VariantName = "[No Variations]"
Add component (AddParameter): Name = "ComponentLink1Description"; Value = "https://datasheet.ciiva.com:443/pdfs/VipMasterIC/IC/SEIE/SEIE-S-A0009541969/SEIE-S-A0009541969-1.pdf?src-supplier=IHS+Markit"; VariantName = "[No Variations]"
Add component (AddParameter): Name = "ComponentLink1URL"; Value = "https://datasheet.ciiva.com:443/pdfs/VipMasterIC/IC/SEIE/SEIE-S-A0009541969/SEIE-S-A0009541969-1.pdf?src-supplier=IHS+Markit"; VariantName = "[No Variations]"
Add component (AddParameter): Name = "ComponentLink2Description"; Value = "https://www.seielect.com/catalog/sei-rmcf_rmcp.pdf?src-supplier=Digikey"; VariantName = "[No Variations]"
Add component (AddParameter): Name = "ComponentLink2URL"; Value = "https://www.seielect.com/catalog/sei-rmcf_rmcp.pdf?src-supplier=Digikey"; VariantName = "[No Variations]"
Add component (AddParameter): Name = "ComponentLink3Description"; Value = "https://www.seielect.com/catalog/SEI-RMCF_RMCP.pdf?src-supplier=Avnet"; VariantName = "[No Variations]"
Add component (AddParameter): Name = "ComponentLink3URL"; Value = "https://www.seielect.com/catalog/SEI-RMCF_RMCP.pdf?src-supplier=Avnet"; VariantName = "[No Variations]"
Add component (AddParameter): Name = "Construction"; Value = "Rectangular"; VariantName = "[No Variations]"
Add component (AddParameter): Name = "JESD-609 Code"; Value = "e3"; VariantName = "[No Variations]"
Add component (AddParameter): Name = "Manufacturer"; Value = "Stackpole Electronics"; VariantName = "[No Variations]"
Add component (AddParameter): Name = "Manufacturer Part Number"; Value = "RMCF0603FG2K00"; VariantName = "[No Variations]"
Add component (AddParameter): Name = "Max Operating Temperature"; Value = "155°C"; VariantName = "[No Variations]"
Add component (AddParameter): Name = "Min Operating Temperature"; Value = "-55°C"; VariantName = "[No Variations]"
Add component (AddParameter): Name = "Mounting Technology"; Value = "Surface Mount"; VariantName = "[No Variations]"
Add component (AddParameter): Name = "Package Height"; Value = "0.45mm"; VariantName = "[No Variations]"
Add component (AddParameter): Name = "Package Length"; Value = "1.55mm"; VariantName = "[No Variations]"
Add component (AddParameter): Name = "Package Shape"; Value = "Rectangular"; VariantName = "[No Variations]"
Add component (AddParameter): Name = "Package Width"; Value = "0.8mm"; VariantName = "[No Variations]"
Add component (AddParameter): Name = "Packaging"; Value = "Tape and Reel"; VariantName = "[No Variations]"
Add component (AddParameter): Name = "Pins"; Value = "2"; VariantName = "[No Variations]"
Add component (AddParameter): Name = "Power"; Value = ""; VariantName = "[No Variations]"
Add component (AddParameter): Name = "Pricing"; Value = "1=0.1, 10=0.009, 50=0.009, 100=0.008, 1000=0.004, 10000=0.002 (USD)"; VariantName = "[No Variations]"
Add component (AddParameter): Name = "Rated Temperature"; Value = "70°C"; VariantName = "[No Variations]"
Add component (AddParameter): Name = "Reach SVHC Compliant"; Value = "Yes"; VariantName = "[No Variations]"
Add component (AddParameter): Name = "Reference Standard"; Value = "AEC-Q200"; VariantName = "[No Variations]"
Add component (AddParameter): Name = "Resistor Type"; Value = "FIXED RESISTOR"; VariantName = "[No Variations]"
Add component (AddParameter): Name = "RoHS"; Value = "Yes"; VariantName = "[No Variations]"
Add component (AddParameter): Name = "RoHS Compliant"; Value = "Yes"; VariantName = "[No Variations]"
Add component (AddParameter): Name = "Stock"; Value = "24767"; VariantName = "[No Variations]"
Add component (AddParameter): Name = "Supplier"; Value = ""; VariantName = "[No Variations]"
Add component (AddParameter): Name = "Supplier Part Number"; Value = "708-RMCF0603FG2K00"; VariantName = "[No Variations]"
Add component (AddParameter): Name = "Technology"; Value = "METAL GLAZE/THICK FILM"; VariantName = "[No Variations]"
Add component (AddParameter): Name = "Temperature Coefficient (ppm/Cel)"; Value = "100"; VariantName = "[No Variations]"
Add component (AddParameter): Name = "Terminal Finish"; Value = "Nickel"; VariantName = "[No Variations]"
Add component (AddParameter): Name = "Termination"; Value = "Wraparound"; VariantName = "[No Variations]"
Add component (AddParameter): Name = "Tolerance"; Value = ""; VariantName = "[No Variations]"
Add component (AddParameter): Name = "Value"; Value = "2K"; VariantName = "[No Variations]"
Add component (AddParameter): Name = "Working Voltage"; Value = "75V"; VariantName = "[No Variations]"
Added Component: Designator=R?(RES0603)
Add component (AddParameter): Name = "Case/Package"; Value = "0603"; VariantName = "[No Variations]"
Add component (AddParameter): Name = "Category"; Value = "Chip SMD Resistors"; VariantName = "[No Variations]"
Add component (AddParameter): Name = "ComponentLink1Description"; Value = "https://datasheet.ciiva.com:443/pdfs/VipMasterIC/IC/SEIE/SEIE-S-A0009541969/SEIE-S-A0009541969-1.pdf?src-supplier=IHS+Markit"; VariantName = "[No Variations]"
Add component (AddParameter): Name = "ComponentLink1URL"; Value = "https://datasheet.ciiva.com:443/pdfs/VipMasterIC/IC/SEIE/SEIE-S-A0009541969/SEIE-S-A0009541969-1.pdf?src-supplier=IHS+Markit"; VariantName = "[No Variations]"
Add component (AddParameter): Name = "ComponentLink2Description"; Value = "https://www.seielect.com/catalog/sei-rmcf_rmcp.pdf?src-supplier=Digikey"; VariantName = "[No Variations]"
Add component (AddParameter): Name = "ComponentLink2URL"; Value = "https://www.seielect.com/catalog/sei-rmcf_rmcp.pdf?src-supplier=Digikey"; VariantName = "[No Variations]"
Add component (AddParameter): Name = "ComponentLink3Description"; Value = "https://www.seielect.com/catalog/SEI-RMCF_RMCP.pdf?src-supplier=Avnet"; VariantName = "[No Variations]"
Add component (AddParameter): Name = "ComponentLink3URL"; Value = "https://www.seielect.com/catalog/SEI-RMCF_RMCP.pdf?src-supplier=Avnet"; VariantName = "[No Variations]"
Add component (AddParameter): Name = "Construction"; Value = "Rectangular"; VariantName = "[No Variations]"
Add component (AddParameter): Name = "JESD-609 Code"; Value = "e3"; VariantName = "[No Variations]"
Add component (AddParameter): Name = "Manufacturer"; Value = "Stackpole Electronics"; VariantName = "[No Variations]"
Add component (AddParameter): Name = "Manufacturer Part Number"; Value = "RMCF0603FG2K00"; VariantName = "[No Variations]"
Add component (AddParameter): Name = "Max Operating Temperature"; Value = "155°C"; VariantName = "[No Variations]"
Add component (AddParameter): Name = "Min Operating Temperature"; Value = "-55°C"; VariantName = "[No Variations]"
Add component (AddParameter): Name = "Mounting Technology"; Value = "Surface Mount"; VariantName = "[No Variations]"
Add component (AddParameter): Name = "Package Height"; Value = "0.45mm"; VariantName = "[No Variations]"
Add component (AddParameter): Name = "Package Length"; Value = "1.55mm"; VariantName = "[No Variations]"
Add component (AddParameter): Name = "Package Shape"; Value = "Rectangular"; VariantName = "[No Variations]"
Add component (AddParameter): Name = "Package Width"; Value = "0.8mm"; VariantName = "[No Variations]"
Add component (AddParameter): Name = "Packaging"; Value = "Tape and Reel"; VariantName = "[No Variations]"
Add component (AddParameter): Name = "Pins"; Value = "2"; VariantName = "[No Variations]"
Add component (AddParameter): Name = "Power"; Value = ""; VariantName = "[No Variations]"
Add component (AddParameter): Name = "Pricing"; Value = "1=0.1, 10=0.009, 50=0.009, 100=0.008, 1000=0.004, 10000=0.002 (USD)"; VariantName = "[No Variations]"
Add component (AddParameter): Name = "Rated Temperature"; Value = "70°C"; VariantName = "[No Variations]"
Add component (AddParameter): Name = "Reach SVHC Compliant"; Value = "Yes"; VariantName = "[No Variations]"
Add component (AddParameter): Name = "Reference Standard"; Value = "AEC-Q200"; VariantName = "[No Variations]"
Add component (AddParameter): Name = "Resistor Type"; Value = "FIXED RESISTOR"; VariantName = "[No Variations]"
Add component (AddParameter): Name = "RoHS"; Value = "Yes"; VariantName = "[No Variations]"
Add component (AddParameter): Name = "RoHS Compliant"; Value = "Yes"; VariantName = "[No Variations]"
Add component (AddParameter): Name = "Stock"; Value = "24767"; VariantName = "[No Variations]"
Add component (AddParameter): Name = "Supplier"; Value = ""; VariantName = "[No Variations]"
Add component (AddParameter): Name = "Supplier Part Number"; Value = "708-RMCF0603FG2K00"; VariantName = "[No Variations]"
Add component (AddParameter): Name = "Technology"; Value = "METAL GLAZE/THICK FILM"; VariantName = "[No Variations]"
Add component (AddParameter): Name = "Temperature Coefficient (ppm/Cel)"; Value = "100"; VariantName = "[No Variations]"
Add component (AddParameter): Name = "Terminal Finish"; Value = "Nickel"; VariantName = "[No Variations]"
Add component (AddParameter): Name = "Termination"; Value = "Wraparound"; VariantName = "[No Variations]"
Add component (AddParameter): Name = "Tolerance"; Value = ""; VariantName = "[No Variations]"
Add component (AddParameter): Name = "Value"; Value = "2K"; VariantName = "[No Variations]"
Add component (AddParameter): Name = "Working Voltage"; Value = "75V"; VariantName = "[No Variations]"
Added Component: Designator=R?(RES0603)
Add component (AddParameter): Name = "Case/Package"; Value = "0603"; VariantName = "[No Variations]"
Add component (AddParameter): Name = "Category"; Value = "Chip SMD Resistors"; VariantName = "[No Variations]"
Add component (AddParameter): Name = "ComponentLink1Description"; Value = "https://datasheet.ciiva.com:443/pdfs/VipMasterIC/IC/SEIE/SEIE-S-A0009541969/SEIE-S-A0009541969-1.pdf?src-supplier=IHS+Markit"; VariantName = "[No Variations]"
Add component (AddParameter): Name = "ComponentLink1URL"; Value = "https://datasheet.ciiva.com:443/pdfs/VipMasterIC/IC/SEIE/SEIE-S-A0009541969/SEIE-S-A0009541969-1.pdf?src-supplier=IHS+Markit"; VariantName = "[No Variations]"
Add component (AddParameter): Name = "ComponentLink2Description"; Value = "https://www.seielect.com/catalog/sei-rmcf_rmcp.pdf?src-supplier=Digikey"; VariantName = "[No Variations]"
Add component (AddParameter): Name = "ComponentLink2URL"; Value = "https://www.seielect.com/catalog/sei-rmcf_rmcp.pdf?src-supplier=Digikey"; VariantName = "[No Variations]"
Add component (AddParameter): Name = "ComponentLink3Description"; Value = "https://www.seielect.com/catalog/SEI-RMCF_RMCP.pdf?src-supplier=Avnet"; VariantName = "[No Variations]"
Add component (AddParameter): Name = "ComponentLink3URL"; Value = "https://www.seielect.com/catalog/SEI-RMCF_RMCP.pdf?src-supplier=Avnet"; VariantName = "[No Variations]"
Add component (AddParameter): Name = "Construction"; Value = "Rectangular"; VariantName = "[No Variations]"
Add component (AddParameter): Name = "JESD-609 Code"; Value = "e3"; VariantName = "[No Variations]"
Add component (AddParameter): Name = "Manufacturer"; Value = "Stackpole Electronics"; VariantName = "[No Variations]"
Add component (AddParameter): Name = "Manufacturer Part Number"; Value = "RMCF0603FG2K00"; VariantName = "[No Variations]"
Add component (AddParameter): Name = "Max Operating Temperature"; Value = "155°C"; VariantName = "[No Variations]"
Add component (AddParameter): Name = "Min Operating Temperature"; Value = "-55°C"; VariantName = "[No Variations]"
Add component (AddParameter): Name = "Mounting Technology"; Value = "Surface Mount"; VariantName = "[No Variations]"
Add component (AddParameter): Name = "Package Height"; Value = "0.45mm"; VariantName = "[No Variations]"
Add component (AddParameter): Name = "Package Length"; Value = "1.55mm"; VariantName = "[No Variations]"
Add component (AddParameter): Name = "Package Shape"; Value = "Rectangular"; VariantName = "[No Variations]"
Add component (AddParameter): Name = "Package Width"; Value = "0.8mm"; VariantName = "[No Variations]"
Add component (AddParameter): Name = "Packaging"; Value = "Tape and Reel"; VariantName = "[No Variations]"
Add component (AddParameter): Name = "Pins"; Value = "2"; VariantName = "[No Variations]"
Add component (AddParameter): Name = "Power"; Value = ""; VariantName = "[No Variations]"
Add component (AddParameter): Name = "Pricing"; Value = "1=0.1, 10=0.009, 50=0.009, 100=0.008, 1000=0.004, 10000=0.002 (USD)"; VariantName = "[No Variations]"
Add component (AddParameter): Name = "Rated Temperature"; Value = "70°C"; VariantName = "[No Variations]"
Add component (AddParameter): Name = "Reach SVHC Compliant"; Value = "Yes"; VariantName = "[No Variations]"
Add component (AddParameter): Name = "Reference Standard"; Value = "AEC-Q200"; VariantName = "[No Variations]"
Add component (AddParameter): Name = "Resistor Type"; Value = "FIXED RESISTOR"; VariantName = "[No Variations]"
Add component (AddParameter): Name = "RoHS"; Value = "Yes"; VariantName = "[No Variations]"
Add component (AddParameter): Name = "RoHS Compliant"; Value = "Yes"; VariantName = "[No Variations]"
Add component (AddParameter): Name = "Stock"; Value = "24767"; VariantName = "[No Variations]"
Add component (AddParameter): Name = "Supplier"; Value = ""; VariantName = "[No Variations]"
Add component (AddParameter): Name = "Supplier Part Number"; Value = "708-RMCF0603FG2K00"; VariantName = "[No Variations]"
Add component (AddParameter): Name = "Technology"; Value = "METAL GLAZE/THICK FILM"; VariantName = "[No Variations]"
Add component (AddParameter): Name = "Temperature Coefficient (ppm/Cel)"; Value = "100"; VariantName = "[No Variations]"
Add component (AddParameter): Name = "Terminal Finish"; Value = "Nickel"; VariantName = "[No Variations]"
Add component (AddParameter): Name = "Termination"; Value = "Wraparound"; VariantName = "[No Variations]"
Add component (AddParameter): Name = "Tolerance"; Value = ""; VariantName = "[No Variations]"
Add component (AddParameter): Name = "Value"; Value = "2K"; VariantName = "[No Variations]"
Add component (AddParameter): Name = "Working Voltage"; Value = "75V"; VariantName = "[No Variations]"
Added Component: Designator=R?(RES0603)
Add component (AddParameter): Name = "Case/Package"; Value = "0603"; VariantName = "[No Variations]"
Add component (AddParameter): Name = "Category"; Value = "Chip SMD Resistors"; VariantName = "[No Variations]"
Add component (AddParameter): Name = "ComponentLink1Description"; Value = "https://datasheet.ciiva.com:443/pdfs/VipMasterIC/IC/SEIE/SEIE-S-A0009541969/SEIE-S-A0009541969-1.pdf?src-supplier=IHS+Markit"; VariantName = "[No Variations]"
Add component (AddParameter): Name = "ComponentLink1URL"; Value = "https://datasheet.ciiva.com:443/pdfs/VipMasterIC/IC/SEIE/SEIE-S-A0009541969/SEIE-S-A0009541969-1.pdf?src-supplier=IHS+Markit"; VariantName = "[No Variations]"
Add component (AddParameter): Name = "ComponentLink2Description"; Value = "https://www.seielect.com/catalog/sei-rmcf_rmcp.pdf?src-supplier=Digikey"; VariantName = "[No Variations]"
Add component (AddParameter): Name = "ComponentLink2URL"; Value = "https://www.seielect.com/catalog/sei-rmcf_rmcp.pdf?src-supplier=Digikey"; VariantName = "[No Variations]"
Add component (AddParameter): Name = "ComponentLink3Description"; Value = "https://www.seielect.com/catalog/SEI-RMCF_RMCP.pdf?src-supplier=Avnet"; VariantName = "[No Variations]"
Add component (AddParameter): Name = "ComponentLink3URL"; Value = "https://www.seielect.com/catalog/SEI-RMCF_RMCP.pdf?src-supplier=Avnet"; VariantName = "[No Variations]"
Add component (AddParameter): Name = "Construction"; Value = "Rectangular"; VariantName = "[No Variations]"
Add component (AddParameter): Name = "JESD-609 Code"; Value = "e3"; VariantName = "[No Variations]"
Add component (AddParameter): Name = "Manufacturer"; Value = "Stackpole Electronics"; VariantName = "[No Variations]"
Add component (AddParameter): Name = "Manufacturer Part Number"; Value = "RMCF0603FG2K00"; VariantName = "[No Variations]"
Add component (AddParameter): Name = "Max Operating Temperature"; Value = "155°C"; VariantName = "[No Variations]"
Add component (AddParameter): Name = "Min Operating Temperature"; Value = "-55°C"; VariantName = "[No Variations]"
Add component (AddParameter): Name = "Mounting Technology"; Value = "Surface Mount"; VariantName = "[No Variations]"
Add component (AddParameter): Name = "Package Height"; Value = "0.45mm"; VariantName = "[No Variations]"
Add component (AddParameter): Name = "Package Length"; Value = "1.55mm"; VariantName = "[No Variations]"
Add component (AddParameter): Name = "Package Shape"; Value = "Rectangular"; VariantName = "[No Variations]"
Add component (AddParameter): Name = "Package Width"; Value = "0.8mm"; VariantName = "[No Variations]"
Add component (AddParameter): Name = "Packaging"; Value = "Tape and Reel"; VariantName = "[No Variations]"
Add component (AddParameter): Name = "Pins"; Value = "2"; VariantName = "[No Variations]"
Add component (AddParameter): Name = "Power"; Value = ""; VariantName = "[No Variations]"
Add component (AddParameter): Name = "Pricing"; Value = "1=0.1, 10=0.009, 50=0.009, 100=0.008, 1000=0.004, 10000=0.002 (USD)"; VariantName = "[No Variations]"
Add component (AddParameter): Name = "Rated Temperature"; Value = "70°C"; VariantName = "[No Variations]"
Add component (AddParameter): Name = "Reach SVHC Compliant"; Value = "Yes"; VariantName = "[No Variations]"
Add component (AddParameter): Name = "Reference Standard"; Value = "AEC-Q200"; VariantName = "[No Variations]"
Add component (AddParameter): Name = "Resistor Type"; Value = "FIXED RESISTOR"; VariantName = "[No Variations]"
Add component (AddParameter): Name = "RoHS"; Value = "Yes"; VariantName = "[No Variations]"
Add component (AddParameter): Name = "RoHS Compliant"; Value = "Yes"; VariantName = "[No Variations]"
Add component (AddParameter): Name = "Stock"; Value = "24767"; VariantName = "[No Variations]"
Add component (AddParameter): Name = "Supplier"; Value = ""; VariantName = "[No Variations]"
Add component (AddParameter): Name = "Supplier Part Number"; Value = "708-RMCF0603FG2K00"; VariantName = "[No Variations]"
Add component (AddParameter): Name = "Technology"; Value = "METAL GLAZE/THICK FILM"; VariantName = "[No Variations]"
Add component (AddParameter): Name = "Temperature Coefficient (ppm/Cel)"; Value = "100"; VariantName = "[No Variations]"
Add component (AddParameter): Name = "Terminal Finish"; Value = "Nickel"; VariantName = "[No Variations]"
Add component (AddParameter): Name = "Termination"; Value = "Wraparound"; VariantName = "[No Variations]"
Add component (AddParameter): Name = "Tolerance"; Value = ""; VariantName = "[No Variations]"
Add component (AddParameter): Name = "Value"; Value = "2K"; VariantName = "[No Variations]"
Add component (AddParameter): Name = "Working Voltage"; Value = "75V"; VariantName = "[No Variations]"
Added Component: Designator=R?(RES0603)
Add component (AddParameter): Name = "Case/Package"; Value = "0603"; VariantName = "[No Variations]"
Add component (AddParameter): Name = "Category"; Value = "Chip SMD Resistors"; VariantName = "[No Variations]"
Add component (AddParameter): Name = "ComponentLink1Description"; Value = "https://datasheet.ciiva.com:443/pdfs/VipMasterIC/IC/SEIE/SEIE-S-A0009541969/SEIE-S-A0009541969-1.pdf?src-supplier=IHS+Markit"; VariantName = "[No Variations]"
Add component (AddParameter): Name = "ComponentLink1URL"; Value = "https://datasheet.ciiva.com:443/pdfs/VipMasterIC/IC/SEIE/SEIE-S-A0009541969/SEIE-S-A0009541969-1.pdf?src-supplier=IHS+Markit"; VariantName = "[No Variations]"
Add component (AddParameter): Name = "ComponentLink2Description"; Value = "https://www.seielect.com/catalog/sei-rmcf_rmcp.pdf?src-supplier=Digikey"; VariantName = "[No Variations]"
Add component (AddParameter): Name = "ComponentLink2URL"; Value = "https://www.seielect.com/catalog/sei-rmcf_rmcp.pdf?src-supplier=Digikey"; VariantName = "[No Variations]"
Add component (AddParameter): Name = "ComponentLink3Description"; Value = "https://www.seielect.com/catalog/SEI-RMCF_RMCP.pdf?src-supplier=Avnet"; VariantName = "[No Variations]"
Add component (AddParameter): Name = "ComponentLink3URL"; Value = "https://www.seielect.com/catalog/SEI-RMCF_RMCP.pdf?src-supplier=Avnet"; VariantName = "[No Variations]"
Add component (AddParameter): Name = "Construction"; Value = "Rectangular"; VariantName = "[No Variations]"
Add component (AddParameter): Name = "JESD-609 Code"; Value = "e3"; VariantName = "[No Variations]"
Add component (AddParameter): Name = "Manufacturer"; Value = "Stackpole Electronics"; VariantName = "[No Variations]"
Add component (AddParameter): Name = "Manufacturer Part Number"; Value = "RMCF0603FG2K00"; VariantName = "[No Variations]"
Add component (AddParameter): Name = "Max Operating Temperature"; Value = "155°C"; VariantName = "[No Variations]"
Add component (AddParameter): Name = "Min Operating Temperature"; Value = "-55°C"; VariantName = "[No Variations]"
Add component (AddParameter): Name = "Mounting Technology"; Value = "Surface Mount"; VariantName = "[No Variations]"
Add component (AddParameter): Name = "Package Height"; Value = "0.45mm"; VariantName = "[No Variations]"
Add component (AddParameter): Name = "Package Length"; Value = "1.55mm"; VariantName = "[No Variations]"
Add component (AddParameter): Name = "Package Shape"; Value = "Rectangular"; VariantName = "[No Variations]"
Add component (AddParameter): Name = "Package Width"; Value = "0.8mm"; VariantName = "[No Variations]"
Add component (AddParameter): Name = "Packaging"; Value = "Tape and Reel"; VariantName = "[No Variations]"
Add component (AddParameter): Name = "Pins"; Value = "2"; VariantName = "[No Variations]"
Add component (AddParameter): Name = "Power"; Value = ""; VariantName = "[No Variations]"
Add component (AddParameter): Name = "Pricing"; Value = "1=0.1, 10=0.009, 50=0.009, 100=0.008, 1000=0.004, 10000=0.002 (USD)"; VariantName = "[No Variations]"
Add component (AddParameter): Name = "Rated Temperature"; Value = "70°C"; VariantName = "[No Variations]"
Add component (AddParameter): Name = "Reach SVHC Compliant"; Value = "Yes"; VariantName = "[No Variations]"
Add component (AddParameter): Name = "Reference Standard"; Value = "AEC-Q200"; VariantName = "[No Variations]"
Add component (AddParameter): Name = "Resistor Type"; Value = "FIXED RESISTOR"; VariantName = "[No Variations]"
Add component (AddParameter): Name = "RoHS"; Value = "Yes"; VariantName = "[No Variations]"
Add component (AddParameter): Name = "RoHS Compliant"; Value = "Yes"; VariantName = "[No Variations]"
Add component (AddParameter): Name = "Stock"; Value = "24767"; VariantName = "[No Variations]"
Add component (AddParameter): Name = "Supplier"; Value = ""; VariantName = "[No Variations]"
Add component (AddParameter): Name = "Supplier Part Number"; Value = "708-RMCF0603FG2K00"; VariantName = "[No Variations]"
Add component (AddParameter): Name = "Technology"; Value = "METAL GLAZE/THICK FILM"; VariantName = "[No Variations]"
Add component (AddParameter): Name = "Temperature Coefficient (ppm/Cel)"; Value = "100"; VariantName = "[No Variations]"
Add component (AddParameter): Name = "Terminal Finish"; Value = "Nickel"; VariantName = "[No Variations]"
Add component (AddParameter): Name = "Termination"; Value = "Wraparound"; VariantName = "[No Variations]"
Add component (AddParameter): Name = "Tolerance"; Value = ""; VariantName = "[No Variations]"
Add component (AddParameter): Name = "Value"; Value = "2K"; VariantName = "[No Variations]"
Add component (AddParameter): Name = "Working Voltage"; Value = "75V"; VariantName = "[No Variations]"
Added Component: Designator=R?(RES0603)
Add component (AddParameter): Name = "Case/Package"; Value = "0603"; VariantName = "[No Variations]"
Add component (AddParameter): Name = "Category"; Value = "Chip SMD Resistors"; VariantName = "[No Variations]"
Add component (AddParameter): Name = "ComponentLink1Description"; Value = "https://datasheet.ciiva.com:443/pdfs/VipMasterIC/IC/SEIE/SEIE-S-A0009541969/SEIE-S-A0009541969-1.pdf?src-supplier=IHS+Markit"; VariantName = "[No Variations]"
Add component (AddParameter): Name = "ComponentLink1URL"; Value = "https://datasheet.ciiva.com:443/pdfs/VipMasterIC/IC/SEIE/SEIE-S-A0009541969/SEIE-S-A0009541969-1.pdf?src-supplier=IHS+Markit"; VariantName = "[No Variations]"
Add component (AddParameter): Name = "ComponentLink2Description"; Value = "https://www.seielect.com/catalog/sei-rmcf_rmcp.pdf?src-supplier=Digikey"; VariantName = "[No Variations]"
Add component (AddParameter): Name = "ComponentLink2URL"; Value = "https://www.seielect.com/catalog/sei-rmcf_rmcp.pdf?src-supplier=Digikey"; VariantName = "[No Variations]"
Add component (AddParameter): Name = "ComponentLink3Description"; Value = "https://www.seielect.com/catalog/SEI-RMCF_RMCP.pdf?src-supplier=Avnet"; VariantName = "[No Variations]"
Add component (AddParameter): Name = "ComponentLink3URL"; Value = "https://www.seielect.com/catalog/SEI-RMCF_RMCP.pdf?src-supplier=Avnet"; VariantName = "[No Variations]"
Add component (AddParameter): Name = "Construction"; Value = "Rectangular"; VariantName = "[No Variations]"
Add component (AddParameter): Name = "JESD-609 Code"; Value = "e3"; VariantName = "[No Variations]"
Add component (AddParameter): Name = "Manufacturer"; Value = "Stackpole Electronics"; VariantName = "[No Variations]"
Add component (AddParameter): Name = "Manufacturer Part Number"; Value = "RMCF0603FG2K00"; VariantName = "[No Variations]"
Add component (AddParameter): Name = "Max Operating Temperature"; Value = "155°C"; VariantName = "[No Variations]"
Add component (AddParameter): Name = "Min Operating Temperature"; Value = "-55°C"; VariantName = "[No Variations]"
Add component (AddParameter): Name = "Mounting Technology"; Value = "Surface Mount"; VariantName = "[No Variations]"
Add component (AddParameter): Name = "Package Height"; Value = "0.45mm"; VariantName = "[No Variations]"
Add component (AddParameter): Name = "Package Length"; Value = "1.55mm"; VariantName = "[No Variations]"
Add component (AddParameter): Name = "Package Shape"; Value = "Rectangular"; VariantName = "[No Variations]"
Add component (AddParameter): Name = "Package Width"; Value = "0.8mm"; VariantName = "[No Variations]"
Add component (AddParameter): Name = "Packaging"; Value = "Tape and Reel"; VariantName = "[No Variations]"
Add component (AddParameter): Name = "Pins"; Value = "2"; VariantName = "[No Variations]"
Add component (AddParameter): Name = "Power"; Value = ""; VariantName = "[No Variations]"
Add component (AddParameter): Name = "Pricing"; Value = "1=0.1, 10=0.009, 50=0.009, 100=0.008, 1000=0.004, 10000=0.002 (USD)"; VariantName = "[No Variations]"
Add component (AddParameter): Name = "Rated Temperature"; Value = "70°C"; VariantName = "[No Variations]"
Add component (AddParameter): Name = "Reach SVHC Compliant"; Value = "Yes"; VariantName = "[No Variations]"
Add component (AddParameter): Name = "Reference Standard"; Value = "AEC-Q200"; VariantName = "[No Variations]"
Add component (AddParameter): Name = "Resistor Type"; Value = "FIXED RESISTOR"; VariantName = "[No Variations]"
Add component (AddParameter): Name = "RoHS"; Value = "Yes"; VariantName = "[No Variations]"
Add component (AddParameter): Name = "RoHS Compliant"; Value = "Yes"; VariantName = "[No Variations]"
Add component (AddParameter): Name = "Stock"; Value = "24767"; VariantName = "[No Variations]"
Add component (AddParameter): Name = "Supplier"; Value = ""; VariantName = "[No Variations]"
Add component (AddParameter): Name = "Supplier Part Number"; Value = "708-RMCF0603FG2K00"; VariantName = "[No Variations]"
Add component (AddParameter): Name = "Technology"; Value = "METAL GLAZE/THICK FILM"; VariantName = "[No Variations]"
Add component (AddParameter): Name = "Temperature Coefficient (ppm/Cel)"; Value = "100"; VariantName = "[No Variations]"
Add component (AddParameter): Name = "Terminal Finish"; Value = "Nickel"; VariantName = "[No Variations]"
Add component (AddParameter): Name = "Termination"; Value = "Wraparound"; VariantName = "[No Variations]"
Add component (AddParameter): Name = "Tolerance"; Value = ""; VariantName = "[No Variations]"
Add component (AddParameter): Name = "Value"; Value = "2K"; VariantName = "[No Variations]"
Add component (AddParameter): Name = "Working Voltage"; Value = "75V"; VariantName = "[No Variations]"
Add Pin To Net: Unknown Pin: Pin C?-1
Add Pin To Net: Unknown Pin: Pin C?-1
Add Pin To Net: Unknown Pin: Pin C?-1
Add Pin To Net: Unknown Pin: Pin C?-2
Added Pin To Net: NetName=NetD?_3 Pin=D?-3
Added Pin To Net: NetName=NetD?_3 Pin=D?-3
Added Pin To Net: NetName=NetD?_3 Pin=D?-3
Added Pin To Net: NetName=NetD?_3 Pin=D?-3
Added Pin To Net: NetName=WKUP Pin=IC?-30
Added Pin To Net: NetName=GND Pin=PS?-2
Added Pin To Net: NetName=GND Pin=PS?-5
Added Pin To Net: NetName=NetD?_4 Pin=Q?-2
Added Pin To Net: NetName=VCC Pin=Q?-3
Added Pin To Net: NetName=VCC Pin=R?-1
Added Pin To Net: NetName=GND Pin=R?-2
Added Pin To Net: NetName=NetD?_1 Pin=R?-2
Added Pin To Net: NetName=NetD?_2 Pin=R?-2
Added Pin To Net: NetName=NetD?_3 Pin=R?-2
Added Pin To Net: NetName=WKUP Pin=R?-2
Add Pin To Net: Unknown Pin: Pin SW?-1
Added Pin To Net: NetName=3.3V Pin=PS?-3
Added Pin To Net: NetName=3.3V Pin=PS?-4
Added Pin To Net: NetName=3.3V Pin=Q?-3
Added Pin To Net: NetName=3.3V Pin=Q?-3
Added Pin To Net: NetName=3.3V Pin=Q?-3
Added Pin To Net: NetName=3.3V Pin=Q?-3
Added Pin To Net: NetName=3.3V Pin=R?-1
Added Net: Name=3.3V
Added Pin To Net: NetName=EN_3V3 Pin=R?-1
Added Net: Name=EN_3V3
Added Pin To Net: NetName=NetC?_2 Pin=L?-1
Added Pin To Net: NetName=NetC?_2 Pin=Q?-2
Added Net: Name=NetC?_2
Add Net: Net with name "NetD?_1" already exists
Add Net: Net with name "NetD?_1" already exists
Add Net: Net with name "NetD?_2" already exists
Add Net: Net with name "NetD?_2" already exists
Add Net: Net with name "NetD?_3" already exists
Add Net: Net with name "NetD?_3" already exists
Add Net: Net with name "NetD?_4" already exists
Add Net: Net with name "NetD?_4" already exists
Add Net: Net with name "NetD?_4" already exists
Added Pin To Net: NetName=NetIC?_7 Pin=IC?-7
Added Pin To Net: NetName=NetIC?_7 Pin=R?-1
Added Net: Name=NetIC?_7
Added Pin To Net: NetName=NetIC?_8 Pin=IC?-8
Added Pin To Net: NetName=NetIC?_8 Pin=R?-1
Added Net: Name=NetIC?_8
Added Pin To Net: NetName=NetIC?_9 Pin=IC?-9
Added Pin To Net: NetName=NetIC?_9 Pin=R?-1
Added Net: Name=NetIC?_9
Added Pin To Net: NetName=NetIC?_10 Pin=IC?-10
Added Pin To Net: NetName=NetIC?_10 Pin=R?-1
Added Net: Name=NetIC?_10
Added Pin To Net: NetName=NetIC?_11 Pin=IC?-11
Added Pin To Net: NetName=NetIC?_11 Pin=R?-1
Added Net: Name=NetIC?_11
Added Pin To Net: NetName=NetIC?_12 Pin=IC?-12
Added Pin To Net: NetName=NetIC?_12 Pin=R?-1
Added Net: Name=NetIC?_12
Added Pin To Net: NetName=NetIC?_13 Pin=IC?-13
Added Pin To Net: NetName=NetIC?_13 Pin=R?-1
Added Net: Name=NetIC?_13
Added Pin To Net: NetName=NetIC?_14 Pin=IC?-14
Added Pin To Net: NetName=NetIC?_14 Pin=R?-1
Added Net: Name=NetIC?_14
Added Pin To Net: NetName=NetIC?_18 Pin=IC?-18
Added Pin To Net: NetName=NetIC?_18 Pin=R?-1
Added Net: Name=NetIC?_18
Added Pin To Net: NetName=NetIC?_19 Pin=IC?-19
Added Pin To Net: NetName=NetIC?_19 Pin=R?-1
Added Net: Name=NetIC?_19
Added Pin To Net: NetName=NetIC?_21 Pin=IC?-21
Added Pin To Net: NetName=NetIC?_21 Pin=R?-1
Added Net: Name=NetIC?_21
Added Pin To Net: NetName=NetIC?_22 Pin=IC?-22
Added Pin To Net: NetName=NetIC?_22 Pin=R?-1
Added Net: Name=NetIC?_22
Added Pin To Net: NetName=NetIC?_23 Pin=IC?-23
Added Pin To Net: NetName=NetIC?_23 Pin=R?-1
Added Net: Name=NetIC?_23
Added Pin To Net: NetName=NetL?_2 Pin=L?-2
Added Pin To Net: NetName=NetL?_2 Pin=PS?-1
Added Net: Name=NetL?_2
Added Pin To Net: NetName=NetQ?_1 Pin=Q?-1
Added Pin To Net: NetName=NetQ?_1 Pin=R?-2
Added Net: Name=NetQ?_1
Add Net: Net with name "NetQ?_1" already exists
Add Net: Net with name "NetQ?_1" already exists
Add Net: Net with name "NetQ?_1" already exists
Add Net: Net with name "NetQ?_1" already exists
Added Pin To Net: NetName=NetR?_1 Pin=R?-1
Added Net: Name=NetR?_1
Add Class Member: Failed to add class member : Component C? 22uF
Add Class Member: Failed to add class member : Component C? 100nF
Add Class Member: Failed to add class member : Component C? 2.2uF
Added Member To Class: ClassName=Main Member=Component D? UHD111A-FKA-C3K23E1L3VG5ZB3Z3
Added Member To Class: ClassName=Main Member=Component D? UHD111A-FKA-C3K23E1L3VG5ZB3Z3
Added Member To Class: ClassName=Main Member=Component D? UHD111A-FKA-C3K23E1L3VG5ZB3Z3
Added Member To Class: ClassName=Main Member=Component D? UHD111A-FKA-C3K23E1L3VG5ZB3Z3
Added Member To Class: ClassName=Main Member=Component D? UHD111A-FKA-C3K23E1L3VG5ZB3Z3
Added Member To Class: ClassName=Main Member=Component D? UHD111A-FKA-C3K23E1L3VG5ZB3Z3
Added Member To Class: ClassName=Main Member=Component D? UHD111A-FKA-C3K23E1L3VG5ZB3Z3
Added Member To Class: ClassName=Main Member=Component D? UHD111A-FKA-C3K23E1L3VG5ZB3Z3
Added Member To Class: ClassName=Main Member=Component D? UHD111A-FKA-C3K23E1L3VG5ZB3Z3
Added Member To Class: ClassName=Main Member=Component D? UHD111A-FKA-C3K23E1L3VG5ZB3Z3
Added Member To Class: ClassName=Main Member=Component D? UHD111A-FKA-C3K23E1L3VG5ZB3Z3
Added Member To Class: ClassName=Main Member=Component J? TC2050
Added Member To Class: ClassName=Main Member=Component L? Inductor
Added Member To Class: ClassName=Main Member=Component PS? TPS613221ADBVR
Added Member To Class: ClassName=Main Member=Component Q? SSM3J36FS,LF
Added Member To Class: ClassName=Main Member=Component Q? SSM3J36FS,LF
Added Member To Class: ClassName=Main Member=Component Q? SSM3J36FS,LF
Added Member To Class: ClassName=Main Member=Component Q? SSM3J36FS,LF
Added Member To Class: ClassName=Main Member=Component Q? SSM3J36FS,LF
Added Member To Class: ClassName=Main Member=Component R? 100R
Added Member To Class: ClassName=Main Member=Component R? 2K
Added Member To Class: ClassName=Main Member=Component R? 100K
Added Member To Class: ClassName=Main Member=Component R? 2K
Added Member To Class: ClassName=Main Member=Component R? 4.3K
Added Member To Class: ClassName=Main Member=Component R? 470R
Added Member To Class: ClassName=Main Member=Component R? 2K
Added Member To Class: ClassName=Main Member=Component R? 4.3K
Added Member To Class: ClassName=Main Member=Component R? 2K
Added Member To Class: ClassName=Main Member=Component R? 100K
Added Member To Class: ClassName=Main Member=Component R? 4.3K
Added Member To Class: ClassName=Main Member=Component R? 4.3K
Added Member To Class: ClassName=Main Member=Component R? 100K
Added Member To Class: ClassName=Main Member=Component R? 470R
Added Member To Class: ClassName=Main Member=Component R? 470R
Added Member To Class: ClassName=Main Member=Component R? 2K
Added Member To Class: ClassName=Main Member=Component R? 2K
Added Member To Class: ClassName=Main Member=Component R? 100K
Added Member To Class: ClassName=Main Member=Component R? 470R
Added Member To Class: ClassName=Main Member=Component R? 470R
Added Member To Class: ClassName=Main Member=Component R? 100K
Add Class Member: Failed to add class member : Component SW? Button
Added Rule: Name=Schematic Supply Nets_2
