Removed Pin From Net: NetName=NetR?_1 Pin=R?-1
Removed Pin From Net: NetName=NetQ?_1 Pin=R?-2
Added Component: Designator=H1(BATHLD003SMT)
Add component (AddParameter): Name = "Arrow Part Number"; Value = "BAT-HLD-003-SMT"; VariantName = "[No Variations]"
Add component (AddParameter): Name = "Arrow Price/Stock"; Value = "https://www.arrow.com/en/products/bat-hld-003-smt/te-connectivity?utm_currency=USD&region=nac"; VariantName = "[No Variations]"
Add component (AddParameter): Name = "Datasheet Link"; Value = "https://www.te.com/commerce/DocumentDelivery/DDEController?Action=srchrtrv&DocNm=C-BAT-HLD-003-SMT&DocType=Customer%20Drawing&DocLang=English&DocFormat=pdf&PartCntxt=BAT-HLD-003-SMT"; VariantName = "[No Variations]"
Add component (AddParameter): Name = "Height"; Value = "4.1mm"; VariantName = "[No Variations]"
Add component (AddParameter): Name = "Manufacturer_Name"; Value = "TE Connectivity"; VariantName = "[No Variations]"
Add component (AddParameter): Name = "Manufacturer_Part_Number"; Value = "BAT-HLD-003-SMT"; VariantName = "[No Variations]"
Add component (AddParameter): Name = "Mouser Part Number"; Value = "712-BAT-HLD-003-SMT"; VariantName = "[No Variations]"
Add component (AddParameter): Name = "Mouser Price/Stock"; Value = "https://www.mouser.co.uk/ProductDetail/TE-Connectivity-Linx-Technologies/BAT-HLD-003-SMT?qs=TuK3vfAjtkVRZQIT6eTqjQ%3D%3D"; VariantName = "[No Variations]"
Add Pin To Net: Unknown Pin: Pin C?-1
Add Pin To Net: Unknown Pin: Pin C?-1
Add Pin To Net: Unknown Pin: Pin C?-1
Add Pin To Net: Unknown Pin: Pin C?-2
Add Pin To Net: Unknown Pin: Pin C?-2
Add Pin To Net: Unknown Pin: Pin C?-2
Added Pin To Net: NetName=3.3V Pin=R?-1
Added Pin To Net: NetName=EN_3V3 Pin=R?-1
Added Pin To Net: NetName=NetIC?_7 Pin=R?-1
Added Pin To Net: NetName=NetIC?_8 Pin=R?-1
Added Pin To Net: NetName=NetIC?_9 Pin=R?-1
Added Pin To Net: NetName=NetIC?_10 Pin=R?-1
Added Pin To Net: NetName=NetIC?_11 Pin=R?-1
Added Pin To Net: NetName=NetIC?_14 Pin=R?-1
Added Pin To Net: NetName=NetIC?_21 Pin=R?-1
Added Pin To Net: NetName=NetIC?_22 Pin=R?-1
Added Pin To Net: NetName=NetR?_1 Pin=R?-1
Added Pin To Net: NetName=VCC Pin=R?-1
Added Pin To Net: NetName=GND Pin=R?-2
Added Pin To Net: NetName=NetD?_3 Pin=R?-2
Added Pin To Net: NetName=NetQ?_1 Pin=R?-2
Added Pin To Net: NetName=WKUP Pin=R?-2
Add Pin To Net: Unknown Pin: Pin SW?-1
Add Pin To Net: Unknown Pin: Pin SW?-2
Add Net: Net with name "NetD?_1" already exists
Add Net: Net with name "NetD?_1" already exists
Add Net: Net with name "NetD?_2" already exists
Add Net: Net with name "NetD?_2" already exists
Add Net: Net with name "NetD?_3" already exists
Add Net: Net with name "NetD?_3" already exists
Add Net: Net with name "NetD?_4" already exists
Add Net: Net with name "NetD?_4" already exists
Add Net: Net with name "NetD?_4" already exists
Add Net: Net with name "NetQ?_1" already exists
Add Net: Net with name "NetQ?_1" already exists
Add Net: Net with name "NetQ?_1" already exists
Add Net: Net with name "NetQ?_1" already exists
Add Class Member: Failed to add class member : Component C? 2.2uF
Add Class Member: Failed to add class member : Component C? 100nF
Add Class Member: Failed to add class member : Component C? 22uF
Added Member To Class: ClassName=Main Member=Component D? UHD111A-FKA-C3K23E1L3VG5ZB3Z3
Added Member To Class: ClassName=Main Member=Component D? UHD111A-FKA-C3K23E1L3VG5ZB3Z3
Added Member To Class: ClassName=Main Member=Component D? UHD111A-FKA-C3K23E1L3VG5ZB3Z3
Added Member To Class: ClassName=Main Member=Component D? UHD111A-FKA-C3K23E1L3VG5ZB3Z3
Added Member To Class: ClassName=Main Member=Component D? UHD111A-FKA-C3K23E1L3VG5ZB3Z3
Added Member To Class: ClassName=Main Member=Component D? UHD111A-FKA-C3K23E1L3VG5ZB3Z3
Added Member To Class: ClassName=Main Member=Component D? UHD111A-FKA-C3K23E1L3VG5ZB3Z3
Added Member To Class: ClassName=Main Member=Component D? UHD111A-FKA-C3K23E1L3VG5ZB3Z3
Added Member To Class: ClassName=Main Member=Component D? UHD111A-FKA-C3K23E1L3VG5ZB3Z3
Added Member To Class: ClassName=Main Member=Component D? UHD111A-FKA-C3K23E1L3VG5ZB3Z3
Added Member To Class: ClassName=Main Member=Component D? UHD111A-FKA-C3K23E1L3VG5ZB3Z3
Added Member To Class: ClassName=Main Member=Component D? UHD111A-FKA-C3K23E1L3VG5ZB3Z3
Added Member To Class: ClassName=Main Member=Component H1 BAT-HLD-003-SMT
Added Member To Class: ClassName=Main Member=Component J? TC2050
Added Member To Class: ClassName=Main Member=Component Q? SSM3J36FS,LF
Added Member To Class: ClassName=Main Member=Component Q? SSM3J36FS,LF
Added Member To Class: ClassName=Main Member=Component Q? SSM3J36FS,LF
Added Member To Class: ClassName=Main Member=Component Q? SSM3J36FS,LF
Added Member To Class: ClassName=Main Member=Component R? 2K
Added Member To Class: ClassName=Main Member=Component R? 100K
Added Member To Class: ClassName=Main Member=Component R? 100K
Added Member To Class: ClassName=Main Member=Component R? 100K
Added Member To Class: ClassName=Main Member=Component R? 4.3K
Added Member To Class: ClassName=Main Member=Component R? 100K
Added Member To Class: ClassName=Main Member=Component R? 470R
Added Member To Class: ClassName=Main Member=Component R? 470R
Added Member To Class: ClassName=Main Member=Component R? 4.3K
Added Member To Class: ClassName=Main Member=Component R? 100R
Added Member To Class: ClassName=Main Member=Component R? 2K
Added Member To Class: ClassName=Main Member=Component R? 4.3K
Added Member To Class: ClassName=Main Member=Component R? 470R
Added Member To Class: ClassName=Main Member=Component R? 2K
Added Member To Class: ClassName=Main Member=Component R? 470R
Added Member To Class: ClassName=Main Member=Component R? 100K
Added Member To Class: ClassName=Main Member=Component R? 2K
Added Member To Class: ClassName=Main Member=Component R? 2K
Added Member To Class: ClassName=Main Member=Component R? 470R
Added Member To Class: ClassName=Main Member=Component R? 4.3K
Add Class Member: Failed to add class member : Component SW? Button
